{"/Users/VizzyKaz/Documents/CIS557/Homework4/homework-4-guess-the-celebrity-backend-visheshkasturia/server.js": {"path":"/Users/VizzyKaz/Documents/CIS557/Homework4/homework-4-guess-the-celebrity-backend-visheshkasturia/server.js","statementMap":{"0":{"start":{"line":2,"column":16},"end":{"line":2,"column":34}},"1":{"start":{"line":4,"column":15},"end":{"line":4,"column":24}},"2":{"start":{"line":6,"column":17},"end":{"line":6,"column":36}},"3":{"start":{"line":8,"column":13},"end":{"line":8,"column":28}},"4":{"start":{"line":10,"column":13},"end":{"line":10,"column":28}},"5":{"start":{"line":12,"column":0},"end":{"line":12,"column":27}},"6":{"start":{"line":14,"column":15},"end":{"line":14,"column":43}},"7":{"start":{"line":16,"column":21},"end":{"line":16,"column":63}},"8":{"start":{"line":18,"column":24},"end":{"line":18,"column":70}},"9":{"start":{"line":20,"column":21},"end":{"line":20,"column":64}},"10":{"start":{"line":22,"column":0},"end":{"line":25,"column":3}},"11":{"start":{"line":27,"column":23},"end":{"line":27,"column":31}},"12":{"start":{"line":28,"column":0},"end":{"line":30,"column":3}},"13":{"start":{"line":29,"column":2},"end":{"line":29,"column":31}},"14":{"start":{"line":32,"column":0},"end":{"line":32,"column":27}},"15":{"start":{"line":33,"column":0},"end":{"line":37,"column":2}},"16":{"start":{"line":39,"column":0},"end":{"line":39,"column":19}},"17":{"start":{"line":41,"column":0},"end":{"line":41,"column":67}},"18":{"start":{"line":44,"column":13},"end":{"line":44,"column":37}},"19":{"start":{"line":45,"column":0},"end":{"line":47,"column":3}},"20":{"start":{"line":46,"column":2},"end":{"line":46,"column":48}},"21":{"start":{"line":51,"column":0},"end":{"line":51,"column":36}},"22":{"start":{"line":53,"column":0},"end":{"line":53,"column":40}},"23":{"start":{"line":55,"column":0},"end":{"line":55,"column":37}},"24":{"start":{"line":59,"column":0},"end":{"line":61,"column":3}},"25":{"start":{"line":60,"column":2},"end":{"line":60,"column":66}},"26":{"start":{"line":64,"column":0},"end":{"line":66,"column":3}},"27":{"start":{"line":65,"column":2},"end":{"line":65,"column":18}},"28":{"start":{"line":68,"column":0},"end":{"line":68,"column":24}}},"fnMap":{"0":{"name":"(anonymous_0)","decl":{"start":{"line":28,"column":24},"end":{"line":28,"column":25}},"loc":{"start":{"line":28,"column":30},"end":{"line":30,"column":1}},"line":28},"1":{"name":"(anonymous_1)","decl":{"start":{"line":45,"column":20},"end":{"line":45,"column":21}},"loc":{"start":{"line":45,"column":26},"end":{"line":47,"column":1}},"line":45},"2":{"name":"(anonymous_2)","decl":{"start":{"line":59,"column":16},"end":{"line":59,"column":17}},"loc":{"start":{"line":59,"column":30},"end":{"line":61,"column":1}},"line":59},"3":{"name":"(anonymous_3)","decl":{"start":{"line":64,"column":11},"end":{"line":64,"column":12}},"loc":{"start":{"line":64,"column":26},"end":{"line":66,"column":1}},"line":64}},"branchMap":{"0":{"loc":{"start":{"line":44,"column":13},"end":{"line":44,"column":37}},"type":"binary-expr","locations":[{"start":{"line":44,"column":13},"end":{"line":44,"column":29}},{"start":{"line":44,"column":33},"end":{"line":44,"column":37}}],"line":44}},"s":{"0":1,"1":1,"2":1,"3":1,"4":1,"5":1,"6":1,"7":1,"8":1,"9":1,"10":1,"11":1,"12":1,"13":1,"14":1,"15":1,"16":1,"17":1,"18":1,"19":1,"20":1,"21":1,"22":1,"23":1,"24":1,"25":0,"26":1,"27":0,"28":1},"f":{"0":1,"1":1,"2":0,"3":0},"b":{"0":[1,1]},"_coverageSchema":"1a1c01bbd47fc00a2c39e90264f33305004495a9","hash":"6711fce1506f83f63602777f03ac2f0f311f9003"}
,"/Users/VizzyKaz/Documents/CIS557/Homework4/homework-4-guess-the-celebrity-backend-visheshkasturia/controllers/allplayers.controller.js": {"path":"/Users/VizzyKaz/Documents/CIS557/Homework4/homework-4-guess-the-celebrity-backend-visheshkasturia/controllers/allplayers.controller.js","statementMap":{"0":{"start":{"line":1,"column":15},"end":{"line":1,"column":42}},"1":{"start":{"line":2,"column":16},"end":{"line":2,"column":50}},"2":{"start":{"line":4,"column":0},"end":{"line":8,"column":3}},"3":{"start":{"line":5,"column":2},"end":{"line":7,"column":55}},"4":{"start":{"line":6,"column":26},"end":{"line":6,"column":51}},"5":{"start":{"line":7,"column":17},"end":{"line":7,"column":53}},"6":{"start":{"line":10,"column":0},"end":{"line":10,"column":24}}},"fnMap":{"0":{"name":"(anonymous_0)","decl":{"start":{"line":4,"column":16},"end":{"line":4,"column":17}},"loc":{"start":{"line":4,"column":39},"end":{"line":8,"column":1}},"line":4},"1":{"name":"(anonymous_1)","decl":{"start":{"line":6,"column":10},"end":{"line":6,"column":11}},"loc":{"start":{"line":6,"column":26},"end":{"line":6,"column":51}},"line":6},"2":{"name":"(anonymous_2)","decl":{"start":{"line":7,"column":11},"end":{"line":7,"column":12}},"loc":{"start":{"line":7,"column":17},"end":{"line":7,"column":53}},"line":7}},"branchMap":{},"s":{"0":1,"1":1,"2":1,"3":1,"4":1,"5":0,"6":1},"f":{"0":1,"1":1,"2":0},"b":{},"_coverageSchema":"1a1c01bbd47fc00a2c39e90264f33305004495a9","hash":"f91456a83b5ed84de7fafac28207f89ba408246f"}
,"/Users/VizzyKaz/Documents/CIS557/Homework4/homework-4-guess-the-celebrity-backend-visheshkasturia/controllers/leaders.controller.js": {"path":"/Users/VizzyKaz/Documents/CIS557/Homework4/homework-4-guess-the-celebrity-backend-visheshkasturia/controllers/leaders.controller.js","statementMap":{"0":{"start":{"line":1,"column":15},"end":{"line":1,"column":42}},"1":{"start":{"line":2,"column":16},"end":{"line":2,"column":50}},"2":{"start":{"line":4,"column":0},"end":{"line":9,"column":3}},"3":{"start":{"line":5,"column":21},"end":{"line":5,"column":53}},"4":{"start":{"line":6,"column":2},"end":{"line":8,"column":55}},"5":{"start":{"line":7,"column":26},"end":{"line":7,"column":51}},"6":{"start":{"line":8,"column":17},"end":{"line":8,"column":53}},"7":{"start":{"line":11,"column":0},"end":{"line":11,"column":24}}},"fnMap":{"0":{"name":"(anonymous_0)","decl":{"start":{"line":4,"column":20},"end":{"line":4,"column":21}},"loc":{"start":{"line":4,"column":43},"end":{"line":9,"column":1}},"line":4},"1":{"name":"(anonymous_1)","decl":{"start":{"line":7,"column":10},"end":{"line":7,"column":11}},"loc":{"start":{"line":7,"column":26},"end":{"line":7,"column":51}},"line":7},"2":{"name":"(anonymous_2)","decl":{"start":{"line":8,"column":11},"end":{"line":8,"column":12}},"loc":{"start":{"line":8,"column":17},"end":{"line":8,"column":53}},"line":8}},"branchMap":{},"s":{"0":1,"1":1,"2":1,"3":1,"4":1,"5":1,"6":0,"7":1},"f":{"0":1,"1":1,"2":0},"b":{},"_coverageSchema":"1a1c01bbd47fc00a2c39e90264f33305004495a9","hash":"26ab96c904d83777e5dab1b6cee9797825443358"}
,"/Users/VizzyKaz/Documents/CIS557/Homework4/homework-4-guess-the-celebrity-backend-visheshkasturia/controllers/player.controller.js": {"path":"/Users/VizzyKaz/Documents/CIS557/Homework4/homework-4-guess-the-celebrity-backend-visheshkasturia/controllers/player.controller.js","statementMap":{"0":{"start":{"line":1,"column":15},"end":{"line":1,"column":42}},"1":{"start":{"line":2,"column":16},"end":{"line":2,"column":50}},"2":{"start":{"line":4,"column":0},"end":{"line":16,"column":3}},"3":{"start":{"line":5,"column":20},"end":{"line":5,"column":45}},"4":{"start":{"line":7,"column":22},"end":{"line":7,"column":69}},"5":{"start":{"line":9,"column":2},"end":{"line":15,"column":3}},"6":{"start":{"line":10,"column":4},"end":{"line":10,"column":67}},"7":{"start":{"line":12,"column":4},"end":{"line":14,"column":79}},"8":{"start":{"line":13,"column":24},"end":{"line":13,"column":45}},"9":{"start":{"line":14,"column":19},"end":{"line":14,"column":77}},"10":{"start":{"line":20,"column":0},"end":{"line":25,"column":3}},"11":{"start":{"line":21,"column":19},"end":{"line":21,"column":36}},"12":{"start":{"line":22,"column":2},"end":{"line":24,"column":64}},"13":{"start":{"line":23,"column":22},"end":{"line":23,"column":43}},"14":{"start":{"line":24,"column":17},"end":{"line":24,"column":62}},"15":{"start":{"line":27,"column":0},"end":{"line":37,"column":3}},"16":{"start":{"line":28,"column":19},"end":{"line":28,"column":36}},"17":{"start":{"line":29,"column":24},"end":{"line":33,"column":3}},"18":{"start":{"line":34,"column":2},"end":{"line":36,"column":64}},"19":{"start":{"line":35,"column":23},"end":{"line":35,"column":44}},"20":{"start":{"line":36,"column":17},"end":{"line":36,"column":62}},"21":{"start":{"line":39,"column":0},"end":{"line":44,"column":3}},"22":{"start":{"line":40,"column":19},"end":{"line":40,"column":36}},"23":{"start":{"line":41,"column":2},"end":{"line":43,"column":64}},"24":{"start":{"line":42,"column":23},"end":{"line":42,"column":44}},"25":{"start":{"line":43,"column":17},"end":{"line":43,"column":62}},"26":{"start":{"line":46,"column":0},"end":{"line":46,"column":24}}},"fnMap":{"0":{"name":"(anonymous_0)","decl":{"start":{"line":4,"column":23},"end":{"line":4,"column":24}},"loc":{"start":{"line":4,"column":52},"end":{"line":16,"column":1}},"line":4},"1":{"name":"(anonymous_1)","decl":{"start":{"line":13,"column":12},"end":{"line":13,"column":13}},"loc":{"start":{"line":13,"column":24},"end":{"line":13,"column":45}},"line":13},"2":{"name":"(anonymous_2)","decl":{"start":{"line":14,"column":13},"end":{"line":14,"column":14}},"loc":{"start":{"line":14,"column":19},"end":{"line":14,"column":77}},"line":14},"3":{"name":"(anonymous_3)","decl":{"start":{"line":20,"column":19},"end":{"line":20,"column":20}},"loc":{"start":{"line":20,"column":42},"end":{"line":25,"column":1}},"line":20},"4":{"name":"(anonymous_4)","decl":{"start":{"line":23,"column":10},"end":{"line":23,"column":11}},"loc":{"start":{"line":23,"column":22},"end":{"line":23,"column":43}},"line":23},"5":{"name":"(anonymous_5)","decl":{"start":{"line":24,"column":11},"end":{"line":24,"column":12}},"loc":{"start":{"line":24,"column":17},"end":{"line":24,"column":62}},"line":24},"6":{"name":"(anonymous_6)","decl":{"start":{"line":27,"column":19},"end":{"line":27,"column":20}},"loc":{"start":{"line":27,"column":42},"end":{"line":37,"column":1}},"line":27},"7":{"name":"(anonymous_7)","decl":{"start":{"line":35,"column":10},"end":{"line":35,"column":11}},"loc":{"start":{"line":35,"column":23},"end":{"line":35,"column":44}},"line":35},"8":{"name":"(anonymous_8)","decl":{"start":{"line":36,"column":11},"end":{"line":36,"column":12}},"loc":{"start":{"line":36,"column":17},"end":{"line":36,"column":62}},"line":36},"9":{"name":"(anonymous_9)","decl":{"start":{"line":39,"column":22},"end":{"line":39,"column":23}},"loc":{"start":{"line":39,"column":45},"end":{"line":44,"column":1}},"line":39},"10":{"name":"(anonymous_10)","decl":{"start":{"line":42,"column":10},"end":{"line":42,"column":11}},"loc":{"start":{"line":42,"column":23},"end":{"line":42,"column":44}},"line":42},"11":{"name":"(anonymous_11)","decl":{"start":{"line":43,"column":11},"end":{"line":43,"column":12}},"loc":{"start":{"line":43,"column":17},"end":{"line":43,"column":62}},"line":43}},"branchMap":{"0":{"loc":{"start":{"line":9,"column":2},"end":{"line":15,"column":3}},"type":"if","locations":[{"start":{"line":9,"column":2},"end":{"line":15,"column":3}},{"start":{"line":11,"column":9},"end":{"line":15,"column":3}}],"line":9}},"s":{"0":1,"1":1,"2":1,"3":2,"4":2,"5":2,"6":1,"7":1,"8":1,"9":0,"10":1,"11":1,"12":1,"13":1,"14":0,"15":1,"16":1,"17":1,"18":1,"19":1,"20":0,"21":1,"22":1,"23":1,"24":1,"25":0,"26":1},"f":{"0":2,"1":1,"2":0,"3":1,"4":1,"5":0,"6":1,"7":1,"8":0,"9":1,"10":1,"11":0},"b":{"0":[1,1]},"_coverageSchema":"1a1c01bbd47fc00a2c39e90264f33305004495a9","hash":"0ce51788269d69a6630564198a2a385f38098735"}
,"/Users/VizzyKaz/Documents/CIS557/Homework4/homework-4-guess-the-celebrity-backend-visheshkasturia/models/players.model.js": {"path":"/Users/VizzyKaz/Documents/CIS557/Homework4/homework-4-guess-the-celebrity-backend-visheshkasturia/models/players.model.js","statementMap":{"0":{"start":{"line":1,"column":17},"end":{"line":1,"column":36}},"1":{"start":{"line":3,"column":19},"end":{"line":3,"column":27}},"2":{"start":{"line":5,"column":21},"end":{"line":11,"column":1}},"3":{"start":{"line":13,"column":16},"end":{"line":13,"column":55}},"4":{"start":{"line":14,"column":0},"end":{"line":14,"column":25}}},"fnMap":{},"branchMap":{},"s":{"0":1,"1":1,"2":1,"3":1,"4":1},"f":{},"b":{},"_coverageSchema":"1a1c01bbd47fc00a2c39e90264f33305004495a9","hash":"98eeb5e92dc9f7333bab4659d0c74e016b45fca3"}
}
