TN:
SF:server.js
FN:28,(anonymous_0)
FN:45,(anonymous_1)
FN:59,(anonymous_2)
FN:64,(anonymous_3)
FNF:4
FNH:2
FNDA:1,(anonymous_0)
FNDA:1,(anonymous_1)
FNDA:0,(anonymous_2)
FNDA:0,(anonymous_3)
DA:2,1
DA:4,1
DA:6,1
DA:8,1
DA:10,1
DA:12,1
DA:14,1
DA:16,1
DA:18,1
DA:20,1
DA:22,1
DA:27,1
DA:28,1
DA:29,1
DA:32,1
DA:33,1
DA:39,1
DA:41,1
DA:44,1
DA:45,1
DA:46,1
DA:51,1
DA:53,1
DA:55,1
DA:59,1
DA:60,0
DA:64,1
DA:65,0
DA:68,1
LF:29
LH:27
BRDA:44,0,0,1
BRDA:44,0,1,1
BRF:2
BRH:2
end_of_record
TN:
SF:controllers/allplayers.controller.js
FN:4,(anonymous_0)
FN:6,(anonymous_1)
FN:7,(anonymous_2)
FNF:3
FNH:2
FNDA:1,(anonymous_0)
FNDA:1,(anonymous_1)
FNDA:0,(anonymous_2)
DA:1,1
DA:2,1
DA:4,1
DA:5,1
DA:6,1
DA:7,0
DA:10,1
LF:7
LH:6
BRF:0
BRH:0
end_of_record
TN:
SF:controllers/leaders.controller.js
FN:4,(anonymous_0)
FN:7,(anonymous_1)
FN:8,(anonymous_2)
FNF:3
FNH:2
FNDA:1,(anonymous_0)
FNDA:1,(anonymous_1)
FNDA:0,(anonymous_2)
DA:1,1
DA:2,1
DA:4,1
DA:5,1
DA:6,1
DA:7,1
DA:8,0
DA:11,1
LF:8
LH:7
BRF:0
BRH:0
end_of_record
TN:
SF:controllers/player.controller.js
FN:4,(anonymous_0)
FN:13,(anonymous_1)
FN:14,(anonymous_2)
FN:20,(anonymous_3)
FN:23,(anonymous_4)
FN:24,(anonymous_5)
FN:27,(anonymous_6)
FN:35,(anonymous_7)
FN:36,(anonymous_8)
FN:39,(anonymous_9)
FN:42,(anonymous_10)
FN:43,(anonymous_11)
FNF:12
FNH:8
FNDA:2,(anonymous_0)
FNDA:1,(anonymous_1)
FNDA:0,(anonymous_2)
FNDA:1,(anonymous_3)
FNDA:1,(anonymous_4)
FNDA:0,(anonymous_5)
FNDA:1,(anonymous_6)
FNDA:1,(anonymous_7)
FNDA:0,(anonymous_8)
FNDA:1,(anonymous_9)
FNDA:1,(anonymous_10)
FNDA:0,(anonymous_11)
DA:1,1
DA:2,1
DA:4,1
DA:5,2
DA:7,2
DA:9,2
DA:10,1
DA:12,1
DA:13,1
DA:14,0
DA:20,1
DA:21,1
DA:22,1
DA:23,1
DA:24,0
DA:27,1
DA:28,1
DA:29,1
DA:34,1
DA:35,1
DA:36,0
DA:39,1
DA:40,1
DA:41,1
DA:42,1
DA:43,0
DA:46,1
LF:27
LH:23
BRDA:9,0,0,1
BRDA:9,0,1,1
BRF:2
BRH:2
end_of_record
TN:
SF:models/players.model.js
FNF:0
FNH:0
DA:1,1
DA:3,1
DA:5,1
DA:13,1
DA:14,1
LF:5
LH:5
BRF:0
BRH:0
end_of_record
